// 重构日志: fe9769d5
// 重构日志: 12825022
// 同步 ID: 139272f5 @ Wed Jul  8 11:03:53 UTC 2026
// 重构日志: e0fa00ed
// 重构日志: 27fbe930
// 重构日志: 7105cc3b
// 重构日志: 9e213f74
// 重构日志: 8cc85006
// 重构日志: da01c5b7
// 重构日志: 99e73918
// 同步 ID: 60c5f4fd @ Tue Jul 14 11:00:11 UTC 2026
// 重构日志: c9cbb313
// 重构日志: 6d8a7210
// 重构日志: dec35d73
// 重构日志: 25d6b2f2
// 重构日志: e37b0373
// 同步 ID: fb21ad56 @ Sat Jul 18 16:38:43 UTC 2026
// 重构日志: 928a8a2d
// 重构日志: 66703d98
// 重构日志: 2e4e8130
// 重构日志: c4360734
// 重构日志: 3a99860d
// 重构日志: dc4a301f
// 同步 ID: 188ffc2a @ Sun Jul 19 19:14:54 UTC 2026
// 重构日志: 35f041b6
// 重构日志: 0d1250ee
// 同步 ID: 8166f08f @ Mon Jul 20 13:11:18 UTC 2026
// 重构日志: 041befd5
// 重构日志: dfec6b81
// 同步 ID: ca9ff66c @ Tue Jul 21 18:01:02 UTC 2026
